<?xml version="1.0" encoding="UTF-8"?>
<!-- Generated by org.testng.reporters.JUnitReportReporter -->
<testsuite skipped="0" hostname="LAPTOP-C8VBQ32N" name="com.training.sanity.tests.RTTC_040" tests="1" failures="0" timestamp="2019-09-30T17:05:20 CDT" time="30.314" errors="0">
  <testcase name="validLoginTest" time="30.314" classname="com.training.sanity.tests.RTTC_040"/>
</testsuite> <!-- com.training.sanity.tests.RTTC_040 -->
