<?xml version="1.0" encoding="UTF-8"?>
<!-- Generated by org.testng.reporters.JUnitReportReporter -->
<testsuite skipped="0" hostname="LAPTOP-C8VBQ32N" name="com.training.sanity.tests.RTTC_041" tests="1" failures="0" timestamp="2019-10-04T12:59:53 CDT" time="57.722" errors="0">
  <testcase name="f" time="57.722" classname="com.training.sanity.tests.RTTC_041"/>
</testsuite> <!-- com.training.sanity.tests.RTTC_041 -->
