<?xml version="1.0" encoding="UTF-8"?>
<!-- Generated by org.testng.reporters.JUnitReportReporter -->
<testsuite skipped="0" hostname="LAPTOP-C8VBQ32N" name="com.training.sanity.tests.SM200YTest" tests="1" failures="0" timestamp="2019-09-18T14:32:12 CDT" time="8.993" errors="0">
  <testcase name="validLoginTest" time="8.993" classname="com.training.sanity.tests.SM200YTest"/>
</testsuite> <!-- com.training.sanity.tests.SM200YTest -->
