<?xml version="1.0" encoding="UTF-8"?>
<!-- Generated by org.testng.reporters.JUnitReportReporter -->
<testsuite skipped="0" hostname="LAPTOP-C8VBQ32N" name="com.training.sanity.tests.LoginTests" tests="1" failures="0" timestamp="2019-09-18T09:21:53 CDT" time="18.448" errors="0">
  <testcase name="validLoginTest" time="18.448" classname="com.training.sanity.tests.LoginTests"/>
</testsuite> <!-- com.training.sanity.tests.LoginTests -->
