<?xml version="1.0" encoding="UTF-8"?>
<!-- Generated by org.testng.reporters.JUnitReportReporter -->
<testsuite skipped="0" hostname="LAPTOP-C8VBQ32N" name="com.training.sanity.tests.retailTest" tests="1" failures="0" timestamp="2019-09-24T15:38:31 CDT" time="44.876" errors="0">
  <testcase name="validLoginTest" time="44.876" classname="com.training.sanity.tests.retailTest"/>
</testsuite> <!-- com.training.sanity.tests.retailTest -->
